<<<<<<< HEAD
2010-06-23 20:44:35 {"conditions":{"username":"fhagard@lightcube.us"},"fields":[],"order":[],"limit":1,"group":null,"page":null,"classes":{"entity":"\\lithium\\data\\entity\\Document","set":"\\lithium\\data\\collection\\DocumentSet","connections":"\\lithium\\data\\Connections","query":"\\lithium\\data\\model\\Query","validator":"\\lithium\\util\\Validator"},"model":"app\\models\\User","calculate":null,"source":"users","offset":0,"comment":null,"joins":[],"map":[],"whitelist":[],"data":[],"result":[{"_id":109951,"firstname":"Fitz","lastname":"Agard","username":"fhagard@lightcube.us","email":"fhagard@lightcube.us","legacy":1,"password":"71776c23a3c0702a5c06ab19c9800465f96d6dc92662e549e92c991bb472c7242197bc57cf106d67076f13dd7c14283175440c7ef00098435929526f75fb0225","salt":"4C3ZVHPjxFA5WDeLtXAA","created":"2010-05-12 14:52:49.999539","updated":"2010-05-19 14:26:02.813069","lastlogin":"2010-05-17 17:20:56.011392","lastip":"71.183.248.196","logincounter":3,"active":1}]}
2010-06-23 20:44:43 {"conditions":{"username":"fhagard@lightcube.us"},"fields":[],"order":[],"limit":1,"group":null,"page":null,"classes":{"entity":"\\lithium\\data\\entity\\Document","set":"\\lithium\\data\\collection\\DocumentSet","connections":"\\lithium\\data\\Connections","query":"\\lithium\\data\\model\\Query","validator":"\\lithium\\util\\Validator"},"model":"app\\models\\User","calculate":null,"source":"users","offset":0,"comment":null,"joins":[],"map":[],"whitelist":[],"data":[],"result":[{"_id":109951,"firstname":"Fitz","lastname":"Agard","username":"fhagard@lightcube.us","email":"fhagard@lightcube.us","legacy":1,"password":"71776c23a3c0702a5c06ab19c9800465f96d6dc92662e549e92c991bb472c7242197bc57cf106d67076f13dd7c14283175440c7ef00098435929526f75fb0225","salt":"4C3ZVHPjxFA5WDeLtXAA","created":"2010-05-12 14:52:49.999539","updated":"2010-05-19 14:26:02.813069","lastlogin":"2010-05-17 17:20:56.011392","lastip":"71.183.248.196","logincounter":3,"active":1}]}
2011-03-31 18:16:54 process-payment: Processed payment for order_id 4d94ed00b3d8088719000013
2011-05-26 15:37:47 Li3 admin\extensions\command\GeneratePO: Generating Purchase Orders
2011-05-26 15:39:18 Li3 admin\extensions\command\GeneratePO: Generating Purchase Orders
2011-05-26 15:46:03 Li3 admin\extensions\command\GeneratePO: Generating Purchase Orders
2011-05-26 15:57:11 Li3 admin\extensions\command\GeneratePO: Generating Purchase Orders
2011-05-26 15:57:40 Li3 admin\extensions\command\GeneratePO: Generating Purchase Orders
2011-05-26 15:58:01 Li3 admin\extensions\command\GeneratePO: Generating Purchase Orders
2011-05-26 15:59:07 Li3 admin\extensions\command\GeneratePO: Generating Purchase Orders
2011-05-26 16:01:24 Li3 admin\extensions\command\GeneratePO: Generating Purchase Orders
2011-05-26 17:28:46 Li3 admin\extensions\command\GeneratePO: Generating Purchase Orders
2011-05-26 17:31:13 Li3 admin\extensions\command\GeneratePO: Generating Purchase Orders
2011-05-26 17:31:41 Li3 admin\extensions\command\GeneratePO: Generating Purchase Orders
2011-05-26 17:32:12 Li3 admin\extensions\command\GeneratePO: Generating Purchase Orders
2011-05-26 17:33:06 Li3 admin\extensions\command\GeneratePO: Generating Purchase Orders
2011-05-26 17:33:29 Li3 admin\extensions\command\GeneratePO: Generating Purchase Orders
2011-05-26 17:36:11 Li3 admin\extensions\command\GeneratePO: Generating Purchase Orders
2011-05-26 17:36:27 Li3 admin\extensions\command\GeneratePO: Generating Purchase Orders
2011-05-26 17:46:59 Li3 admin\extensions\command\GeneratePO: Generating Purchase Orders
2011-05-26 17:48:00 Li3 admin\extensions\command\GeneratePO: Generating Purchase Orders
2011-05-26 17:52:33 Li3 admin\extensions\command\GeneratePO: Generating Purchase Orders
2011-05-26 17:52:57 Li3 admin\extensions\command\GeneratePO: Generating Purchase Orders
2011-05-26 17:53:30 Li3 admin\extensions\command\GeneratePO: Generating Purchase Orders
2011-05-26 17:55:17 Li3 admin\extensions\command\GeneratePO: Generating Purchase Orders
2011-05-26 17:56:01 Li3 admin\extensions\command\GeneratePO: Generating Purchase Orders
2011-05-26 17:56:32 Li3 admin\extensions\command\GeneratePO: Generating Purchase Orders
2011-05-26 17:59:01 Li3 admin\extensions\command\GeneratePO: Generating Purchase Orders
2011-05-26 18:01:16 Li3 admin\extensions\command\GeneratePO: Generating Purchase Orders
2011-05-26 18:09:25 Li3 admin\extensions\command\GeneratePO: Generating Purchase Orders
2011-05-26 18:10:34 Li3 admin\extensions\command\GeneratePO: Generating Purchase Orders
2011-05-26 18:11:02 Li3 admin\extensions\command\GeneratePO: Generating Purchase Orders
2011-05-26 18:19:51 Li3 admin\extensions\command\GeneratePO: Generating Purchase Orders
2011-05-26 18:20:00 Li3 admin\extensions\command\GeneratePO: Generating Purchase Orders
2011-05-26 18:21:27 Li3 admin\extensions\command\GeneratePO: Generating Purchase Orders
2011-05-26 18:22:00 Li3 admin\extensions\command\GeneratePO: Generating Purchase Orders
2011-05-26 18:38:52 Li3 admin\extensions\command\GeneratePO: Generating Purchase Orders
2011-05-26 19:54:48 Li3 admin\extensions\command\GeneratePO: Generating Purchase Orders
2011-05-26 19:56:28 Li3 admin\extensions\command\GeneratePO: Generating Purchase Orders
2011-05-26 20:19:09 Li3 admin\extensions\command\GeneratePO: Generating Purchase Orders
2011-05-26 20:23:10 Li3 admin\extensions\command\GeneratePO: Generating Purchase Orders
2011-05-26 22:34:18 Li3 admin\extensions\command\GeneratePO: Generating Purchase Orders
2011-05-26 23:02:03 Li3 admin\extensions\command\GeneratePO: Generating Purchase Orders
2011-05-26 23:02:23 Li3 admin\extensions\command\GeneratePO: Generating Purchase Orders
2011-05-27 16:19:57 Li3 admin\extensions\command\GeneratePO: Generating Purchase Orders
2011-05-27 16:32:20 Li3 admin\extensions\command\GeneratePO: Generating Purchase Orders
2011-05-27 16:38:15 Li3 admin\extensions\command\GeneratePO: Generating Purchase Orders
2011-05-27 16:41:36 Li3 admin\extensions\command\GeneratePO: Generating Purchase Orders
2011-05-27 17:31:19 Li3 admin\extensions\command\GeneratePO: Generating Purchase Orders
=======
2011-06-01 17:24:53 Li3 admin\extensions\command\GeneratePO: There are 5 that has item 4cd82053ce64e52159612300
2011-06-01 17:24:53 Li3 admin\extensions\command\GeneratePO: There are 4 that has item 4cd82053ce64e52159612300
2011-06-01 17:24:54 Li3 admin\extensions\command\GeneratePO: There are 3 that has item 4cd82053ce64e52159612300
2011-06-01 17:24:54 Li3 admin\extensions\command\GeneratePO: There are 4 that has item 4cd82053ce64e52159612300
2011-06-01 17:24:54 Li3 admin\extensions\command\GeneratePO: There are 8 that has item 4cd82053ce64e52159612300
2011-06-01 17:24:54 Li3 admin\extensions\command\GeneratePO: There are 1 that has item 4cd82053ce64e52159612300
2011-06-01 17:24:55 Li3 admin\extensions\command\GeneratePO: There are 0 that has item 4cd82053ce64e52159612300
2011-06-01 17:24:55 Li3 admin\extensions\command\GeneratePO: There are 0 that has item 4cd82053ce64e52159612300
2011-06-01 17:24:55 Li3 admin\extensions\command\GeneratePO: There are 0 that has item 4cd82053ce64e52159612300
2011-06-01 17:24:56 Li3 admin\extensions\command\GeneratePO: There are 0 that has item 4cd82053ce64e52159612300
2011-06-01 17:24:56 Li3 admin\extensions\command\GeneratePO: There are 0 that has item 4cd82053ce64e52159612300
2011-06-01 17:24:56 Li3 admin\extensions\command\GeneratePO: There are 0 that has item 4cd82053ce64e52159612300
2011-06-01 17:24:57 Li3 admin\extensions\command\GeneratePO: There are 0 that has item 4cd82053ce64e52159612300
2011-06-01 17:24:57 Li3 admin\extensions\command\GeneratePO: There are 0 that has item 4cd82053ce64e52159612300
2011-06-01 17:24:57 Li3 admin\extensions\command\GeneratePO: There are 0 that has item 4cd82053ce64e52159612300
2011-06-01 17:24:57 Li3 admin\extensions\command\GeneratePO: There are 0 that has item 4cd82053ce64e52159612300
2011-06-01 17:24:58 Li3 admin\extensions\command\GeneratePO: There are 5 that has item 4cd82053ce64e52159612300
2011-06-01 17:24:58 Li3 admin\extensions\command\GeneratePO: There are 0 that has item 4cd82053ce64e52159622300
2011-06-01 17:24:58 Li3 admin\extensions\command\GeneratePO: There are 1 that has item 4cd82053ce64e52159622300
2011-06-01 17:24:59 Li3 admin\extensions\command\GeneratePO: There are 1 that has item 4cd82053ce64e52159622300
2011-06-01 17:24:59 Li3 admin\extensions\command\GeneratePO: There are 2 that has item 4cd82053ce64e52159622300
2011-06-01 17:24:59 Li3 admin\extensions\command\GeneratePO: There are 4 that has item 4cd82053ce64e52159622300
2011-06-01 17:25:00 Li3 admin\extensions\command\GeneratePO: There are 4 that has item 4cd82053ce64e52159622300
2011-06-01 17:25:00 Li3 admin\extensions\command\GeneratePO: There are 3 that has item 4cd82053ce64e52159622300
2011-06-01 17:25:00 Li3 admin\extensions\command\GeneratePO: There are 4 that has item 4cd82053ce64e52159622300
2011-06-01 17:25:00 Li3 admin\extensions\command\GeneratePO: There are 0 that has item 4cd82053ce64e52159622300
2011-06-01 17:25:01 Li3 admin\extensions\command\GeneratePO: There are 0 that has item 4cd82053ce64e52159622300
2011-06-01 17:25:01 Li3 admin\extensions\command\GeneratePO: There are 0 that has item 4cd82053ce64e52159622300
2011-06-01 17:25:01 Li3 admin\extensions\command\GeneratePO: There are 0 that has item 4cd82053ce64e52159622300
2011-06-01 17:25:02 Li3 admin\extensions\command\GeneratePO: There are 0 that has item 4cd82053ce64e52159622300
2011-06-01 17:25:02 Li3 admin\extensions\command\GeneratePO: There are 0 that has item 4cd82053ce64e52159622300
2011-06-01 17:25:02 Li3 admin\extensions\command\GeneratePO: There are 0 that has item 4cd82053ce64e52159622300
2011-06-01 17:25:02 Li3 admin\extensions\command\GeneratePO: There are 0 that has item 4cd82053ce64e52159622300
2011-06-01 17:25:03 Li3 admin\extensions\command\GeneratePO: There are 0 that has item 4cd82053ce64e52159622300
2011-06-01 17:25:03 Li3 admin\extensions\command\GeneratePO: There are 0 that has item 4cd82053ce64e52159622300
2011-06-01 17:25:03 Li3 admin\extensions\command\GeneratePO: There are 3 that has item 4cd82053ce64e52159622300
2011-06-01 17:25:04 Li3 admin\extensions\command\GeneratePO: There are 0 that has item 4cd82053ce64e52159632300
2011-06-01 17:25:04 Li3 admin\extensions\command\GeneratePO: There are 0 that has item 4cd82053ce64e52159632300
2011-06-01 17:25:04 Li3 admin\extensions\command\GeneratePO: There are 0 that has item 4cd82053ce64e52159632300
2011-06-01 17:25:05 Li3 admin\extensions\command\GeneratePO: There are 3 that has item 4cd82053ce64e52159632300
2011-06-01 17:25:05 Li3 admin\extensions\command\GeneratePO: There are 3 that has item 4cd82053ce64e52159632300
2011-06-01 17:25:05 Li3 admin\extensions\command\GeneratePO: There are 4 that has item 4cd82053ce64e52159632300
2011-06-01 17:25:05 Li3 admin\extensions\command\GeneratePO: There are 3 that has item 4cd82053ce64e52159632300
2011-06-01 17:25:06 Li3 admin\extensions\command\GeneratePO: There are 3 that has item 4cd82053ce64e52159632300
2011-06-01 17:25:06 Li3 admin\extensions\command\GeneratePO: There are 2 that has item 4cd82053ce64e52159632300
2011-06-01 17:25:06 Li3 admin\extensions\command\GeneratePO: There are 0 that has item 4cd82053ce64e52159632300
2011-06-01 17:25:07 Li3 admin\extensions\command\GeneratePO: There are 0 that has item 4cd82053ce64e52159632300
2011-06-01 17:25:07 Li3 admin\extensions\command\GeneratePO: There are 0 that has item 4cd82053ce64e52159632300
2011-06-01 17:25:07 Li3 admin\extensions\command\GeneratePO: There are 0 that has item 4cd82053ce64e52159632300
2011-06-01 17:25:07 Li3 admin\extensions\command\GeneratePO: There are 0 that has item 4cd82053ce64e52159632300
2011-06-01 17:25:08 Li3 admin\extensions\command\GeneratePO: There are 0 that has item 4cd82053ce64e52159632300
2011-06-01 17:25:08 Li3 admin\extensions\command\GeneratePO: There are 0 that has item 4cd82053ce64e52159632300
2011-06-01 17:25:08 Li3 admin\extensions\command\GeneratePO: There are 0 that has item 4cd82053ce64e52159632300
2011-06-01 17:25:09 Li3 admin\extensions\command\GeneratePO: There are 0 that has item 4cd82053ce64e52159632300
2011-06-01 17:25:09 Li3 admin\extensions\command\GeneratePO: There are 2 that has item 4cd82053ce64e52159632300
2011-06-01 17:25:09 Li3 admin\extensions\command\GeneratePO: There are 0 that has item 4cd82053ce64e52159642300
2011-06-01 17:25:10 Li3 admin\extensions\command\GeneratePO: There are 0 that has item 4cd82053ce64e52159642300
2011-06-01 17:25:10 Li3 admin\extensions\command\GeneratePO: There are 1 that has item 4cd82053ce64e52159642300
2011-06-01 17:25:11 Li3 admin\extensions\command\GeneratePO: There are 0 that has item 4cd82053ce64e52159642300
2011-06-01 17:25:11 Li3 admin\extensions\command\GeneratePO: There are 2 that has item 4cd82053ce64e52159642300
2011-06-01 17:25:11 Li3 admin\extensions\command\GeneratePO: There are 4 that has item 4cd82053ce64e52159642300
2011-06-01 17:25:12 Li3 admin\extensions\command\GeneratePO: There are 6 that has item 4cd82053ce64e52159642300
2011-06-01 17:25:12 Li3 admin\extensions\command\GeneratePO: There are 2 that has item 4cd82053ce64e52159642300
2011-06-01 17:25:12 Li3 admin\extensions\command\GeneratePO: There are 0 that has item 4cd82053ce64e52159642300
2011-06-01 17:25:13 Li3 admin\extensions\command\GeneratePO: There are 0 that has item 4cd82053ce64e52159642300
2011-06-01 17:25:13 Li3 admin\extensions\command\GeneratePO: There are 0 that has item 4cd82053ce64e52159642300
2011-06-01 17:25:13 Li3 admin\extensions\command\GeneratePO: There are 0 that has item 4cd82053ce64e52159642300
2011-06-01 17:25:14 Li3 admin\extensions\command\GeneratePO: There are 0 that has item 4cd82053ce64e52159642300
2011-06-01 17:25:14 Li3 admin\extensions\command\GeneratePO: There are 0 that has item 4cd82053ce64e52159642300
2011-06-01 17:25:14 Li3 admin\extensions\command\GeneratePO: There are 0 that has item 4cd82053ce64e52159642300
2011-06-01 17:25:14 Li3 admin\extensions\command\GeneratePO: There are 0 that has item 4cd82053ce64e52159642300
2011-06-01 17:25:15 Li3 admin\extensions\command\GeneratePO: There are 0 that has item 4cd82053ce64e52159642300
2011-06-01 17:25:15 Li3 admin\extensions\command\GeneratePO: There are 0 that has item 4cd82053ce64e52159642300
2011-06-01 17:25:15 Li3 admin\extensions\command\GeneratePO: There are 5 that has item 4cd82053ce64e52159642300
2011-06-01 17:25:16 Li3 admin\extensions\command\GeneratePO: There are 1 that has item 4cd82053ce64e52159652300
2011-06-01 17:25:16 Li3 admin\extensions\command\GeneratePO: There are 1 that has item 4cd82053ce64e52159652300
2011-06-01 17:25:16 Li3 admin\extensions\command\GeneratePO: There are 2 that has item 4cd82053ce64e52159652300
2011-06-01 17:25:17 Li3 admin\extensions\command\GeneratePO: There are 1 that has item 4cd82053ce64e52159652300
2011-06-01 17:25:17 Li3 admin\extensions\command\GeneratePO: There are 1 that has item 4cd82053ce64e52159652300
2011-06-01 17:25:17 Li3 admin\extensions\command\GeneratePO: There are 2 that has item 4cd82053ce64e52159652300
2011-06-01 17:25:18 Li3 admin\extensions\command\GeneratePO: There are 3 that has item 4cd82053ce64e52159652300
2011-06-01 17:25:18 Li3 admin\extensions\command\GeneratePO: There are 3 that has item 4cd82053ce64e52159652300
2011-06-01 17:25:18 Li3 admin\extensions\command\GeneratePO: There are 0 that has item 4cd82053ce64e52159652300
2011-06-01 17:25:19 Li3 admin\extensions\command\GeneratePO: There are 0 that has item 4cd82053ce64e52159652300
2011-06-01 17:25:19 Li3 admin\extensions\command\GeneratePO: There are 0 that has item 4cd82053ce64e52159652300
2011-06-01 17:25:19 Li3 admin\extensions\command\GeneratePO: There are 0 that has item 4cd82053ce64e52159652300
2011-06-01 17:25:20 Li3 admin\extensions\command\GeneratePO: There are 0 that has item 4cd82053ce64e52159652300
2011-06-01 17:25:20 Li3 admin\extensions\command\GeneratePO: There are 0 that has item 4cd82053ce64e52159652300
2011-06-01 17:25:20 Li3 admin\extensions\command\GeneratePO: There are 0 that has item 4cd82053ce64e52159652300
2011-06-01 17:25:20 Li3 admin\extensions\command\GeneratePO: There are 0 that has item 4cd82053ce64e52159652300
2011-06-01 17:25:21 Li3 admin\extensions\command\GeneratePO: There are 0 that has item 4cd82053ce64e52159652300
2011-06-01 17:25:21 Li3 admin\extensions\command\GeneratePO: There are 0 that has item 4cd82053ce64e52159652300
2011-06-01 17:25:21 Li3 admin\extensions\command\GeneratePO: There are 4 that has item 4cd82053ce64e52159652300
2011-06-01 17:25:22 Li3 admin\extensions\command\GeneratePO: There are 0 that has item 4cd82053ce64e52159662300
2011-06-01 17:25:22 Li3 admin\extensions\command\GeneratePO: There are 1 that has item 4cd82053ce64e52159662300
2011-06-01 17:25:22 Li3 admin\extensions\command\GeneratePO: There are 2 that has item 4cd82053ce64e52159662300
2011-06-01 17:25:23 Li3 admin\extensions\command\GeneratePO: There are 1 that has item 4cd82053ce64e52159662300
2011-06-01 17:25:23 Li3 admin\extensions\command\GeneratePO: There are 0 that has item 4cd82053ce64e52159662300
2011-06-01 17:25:23 Li3 admin\extensions\command\GeneratePO: There are 5 that has item 4cd82053ce64e52159662300
2011-06-01 17:25:23 Li3 admin\extensions\command\GeneratePO: There are 5 that has item 4cd82053ce64e52159662300
2011-06-01 17:25:24 Li3 admin\extensions\command\GeneratePO: There are 2 that has item 4cd82053ce64e52159662300
2011-06-01 17:25:24 Li3 admin\extensions\command\GeneratePO: There are 1 that has item 4cd82053ce64e52159662300
2011-06-01 17:25:24 Li3 admin\extensions\command\GeneratePO: There are 0 that has item 4cd82053ce64e52159662300
2011-06-01 17:25:25 Li3 admin\extensions\command\GeneratePO: There are 0 that has item 4cd82053ce64e52159662300
2011-06-01 17:25:25 Li3 admin\extensions\command\GeneratePO: There are 0 that has item 4cd82053ce64e52159662300
2011-06-01 17:25:25 Li3 admin\extensions\command\GeneratePO: There are 0 that has item 4cd82053ce64e52159662300
2011-06-01 17:25:26 Li3 admin\extensions\command\GeneratePO: There are 0 that has item 4cd82053ce64e52159662300
2011-06-01 17:25:26 Li3 admin\extensions\command\GeneratePO: There are 0 that has item 4cd82053ce64e52159662300
2011-06-01 17:25:26 Li3 admin\extensions\command\GeneratePO: There are 0 that has item 4cd82053ce64e52159662300
2011-06-01 17:25:26 Li3 admin\extensions\command\GeneratePO: There are 0 that has item 4cd82053ce64e52159662300
2011-06-01 17:25:27 Li3 admin\extensions\command\GeneratePO: There are 0 that has item 4cd82053ce64e52159662300
2011-06-01 17:25:27 Li3 admin\extensions\command\GeneratePO: There are 4 that has item 4cd82053ce64e52159662300
2011-06-01 17:25:27 Li3 admin\extensions\command\GeneratePO: There are 0 that has item 4cd82053ce64e52159672300
2011-06-01 17:25:28 Li3 admin\extensions\command\GeneratePO: There are 0 that has item 4cd82053ce64e52159672300
2011-06-01 17:25:28 Li3 admin\extensions\command\GeneratePO: There are 0 that has item 4cd82053ce64e52159672300
2011-06-01 17:25:28 Li3 admin\extensions\command\GeneratePO: There are 0 that has item 4cd82053ce64e52159672300
2011-06-01 17:25:29 Li3 admin\extensions\command\GeneratePO: There are 0 that has item 4cd82053ce64e52159672300
2011-06-01 17:25:29 Li3 admin\extensions\command\GeneratePO: There are 4 that has item 4cd82053ce64e52159672300
2011-06-01 17:25:29 Li3 admin\extensions\command\GeneratePO: There are 4 that has item 4cd82053ce64e52159672300
2011-06-01 17:25:29 Li3 admin\extensions\command\GeneratePO: There are 5 that has item 4cd82053ce64e52159672300
2011-06-01 17:25:30 Li3 admin\extensions\command\GeneratePO: There are 3 that has item 4cd82053ce64e52159672300
2011-06-01 17:25:30 Li3 admin\extensions\command\GeneratePO: There are 1 that has item 4cd82053ce64e52159672300
2011-06-01 17:25:30 Li3 admin\extensions\command\GeneratePO: There are 0 that has item 4cd82053ce64e52159672300
2011-06-01 17:25:31 Li3 admin\extensions\command\GeneratePO: There are 0 that has item 4cd82053ce64e52159672300
2011-06-01 17:25:31 Li3 admin\extensions\command\GeneratePO: There are 0 that has item 4cd82053ce64e52159672300
2011-06-01 17:25:31 Li3 admin\extensions\command\GeneratePO: There are 0 that has item 4cd82053ce64e52159672300
2011-06-01 17:25:32 Li3 admin\extensions\command\GeneratePO: There are 0 that has item 4cd82053ce64e52159672300
2011-06-01 17:25:32 Li3 admin\extensions\command\GeneratePO: There are 0 that has item 4cd82053ce64e52159672300
2011-06-01 17:25:32 Li3 admin\extensions\command\GeneratePO: There are 0 that has item 4cd82053ce64e52159672300
2011-06-01 17:25:32 Li3 admin\extensions\command\GeneratePO: There are 0 that has item 4cd82053ce64e52159672300
2011-06-01 17:25:33 Li3 admin\extensions\command\GeneratePO: There are 2 that has item 4cd82053ce64e52159672300
2011-06-01 17:25:33 Li3 admin\extensions\command\GeneratePO: There are 0 that has item 4cd82053ce64e52159682300
2011-06-01 17:25:33 Li3 admin\extensions\command\GeneratePO: There are 0 that has item 4cd82053ce64e52159682300
2011-06-01 17:25:34 Li3 admin\extensions\command\GeneratePO: There are 0 that has item 4cd82053ce64e52159682300
2011-06-01 17:25:34 Li3 admin\extensions\command\GeneratePO: There are 0 that has item 4cd82053ce64e52159682300
2011-06-01 17:25:34 Li3 admin\extensions\command\GeneratePO: There are 1 that has item 4cd82053ce64e52159682300
2011-06-01 17:25:34 Li3 admin\extensions\command\GeneratePO: There are 1 that has item 4cd82053ce64e52159682300
2011-06-01 17:25:35 Li3 admin\extensions\command\GeneratePO: There are 3 that has item 4cd82053ce64e52159682300
2011-06-01 17:25:35 Li3 admin\extensions\command\GeneratePO: There are 2 that has item 4cd82053ce64e52159682300
2011-06-01 17:25:35 Li3 admin\extensions\command\GeneratePO: There are 0 that has item 4cd82053ce64e52159682300
2011-06-01 17:25:36 Li3 admin\extensions\command\GeneratePO: There are 0 that has item 4cd82053ce64e52159682300
>>>>>>> fdf9169c9a2a11296c3070bc551e381bf75b2ab2
